[debug] [2024-02-23T21:23:32.461Z] ----------------------------------------------------------------------
[debug] [2024-02-23T21:23:32.462Z] Command:       /home/uncle_festers_nephew/.nvm/versions/node/v20.11.0/bin/node /home/uncle_festers_nephew/.nvm/versions/node/v20.11.0/bin/firebase init
[debug] [2024-02-23T21:23:32.462Z] CLI Version:   13.3.1
[debug] [2024-02-23T21:23:32.463Z] Platform:      linux
[debug] [2024-02-23T21:23:32.463Z] Node Version:  v20.11.0
[debug] [2024-02-23T21:23:32.463Z] Time:          Fri Feb 23 2024 16:23:32 GMT-0500 (Eastern Standard Time)
[debug] [2024-02-23T21:23:32.463Z] ----------------------------------------------------------------------
[debug] 
[debug] [2024-02-23T21:23:32.465Z] > command requires scopes: ["email","openid","https://www.googleapis.com/auth/cloudplatformprojects.readonly","https://www.googleapis.com/auth/firebase","https://www.googleapis.com/auth/cloud-platform"]
[debug] [2024-02-23T21:23:32.466Z] > authorizing via signed-in user (unclefestersnephew@gmail.com)
[info] 
     ######## #### ########  ######## ########     ###     ######  ########
     ##        ##  ##     ## ##       ##     ##  ##   ##  ##       ##
     ######    ##  ########  ######   ########  #########  ######  ######
     ##        ##  ##    ##  ##       ##     ## ##     ##       ## ##
     ##       #### ##     ## ######## ########  ##     ##  ######  ########

You're about to initialize a Firebase project in this directory:

  /home/uncle_festers_nephew/FirebaseBittensor

[info] 
=== Project Setup
[info] 
[info] First, let's associate this project directory with a Firebase project.
[info] You can create multiple project aliases by running firebase use --add, 
[info] but for now we'll just set up a default project.
[info] 
[debug] [2024-02-23T21:23:52.336Z] >>> [apiv2][query] GET https://firebase.googleapis.com/v1beta1/projects pageSize=100
[debug] [2024-02-23T21:23:53.163Z] <<< [apiv2][status] GET https://firebase.googleapis.com/v1beta1/projects 200
[debug] [2024-02-23T21:23:53.163Z] <<< [apiv2][body] GET https://firebase.googleapis.com/v1beta1/projects [omitted]
[info] i  Using project btdwarves (btdwarves) 
[info] 
=== Firestore Setup
[debug] [2024-02-23T21:23:55.135Z] >>> [apiv2][query] GET https://serviceusage.googleapis.com/v1/projects/btdwarves/services/firestore.googleapis.com [none]
[debug] [2024-02-23T21:23:55.135Z] >>> [apiv2][(partial)header] GET https://serviceusage.googleapis.com/v1/projects/btdwarves/services/firestore.googleapis.com x-goog-quota-user=projects/btdwarves
[debug] [2024-02-23T21:23:57.862Z] <<< [apiv2][status] GET https://serviceusage.googleapis.com/v1/projects/btdwarves/services/firestore.googleapis.com 200
[debug] [2024-02-23T21:23:57.862Z] <<< [apiv2][body] GET https://serviceusage.googleapis.com/v1/projects/btdwarves/services/firestore.googleapis.com [omitted]
[debug] [2024-02-23T21:23:57.862Z] >>> [apiv2][query] GET https://firestore.googleapis.com/v1/projects/btdwarves/databases/(default) [none]
[debug] [2024-02-23T21:23:58.254Z] <<< [apiv2][status] GET https://firestore.googleapis.com/v1/projects/btdwarves/databases/(default) 200
[debug] [2024-02-23T21:23:58.254Z] <<< [apiv2][body] GET https://firestore.googleapis.com/v1/projects/btdwarves/databases/(default) {"name":"projects/btdwarves/databases/(default)","uid":"c69a1cc8-c75f-4724-9b42-30d1d21cfefd","createTime":"2024-02-23T21:17:22.745766Z","updateTime":"2024-02-23T21:17:22.745766Z","locationId":"nam5","type":"FIRESTORE_NATIVE","concurrencyMode":"PESSIMISTIC","versionRetentionPeriod":"3600s","earliestVersionTime":"2024-02-23T21:17:22.745766Z","appEngineIntegrationMode":"DISABLED","keyPrefix":"s","pointInTimeRecoveryEnablement":"POINT_IN_TIME_RECOVERY_DISABLED","deleteProtectionState":"DELETE_PROTECTION_DISABLED","etag":"IJCi5eyywoQDMKb77a+xwoQD"}
[debug] [2024-02-23T21:23:58.254Z] database_type: FIRESTORE_NATIVE
[debug] [2024-02-23T21:23:58.255Z] > command requires scopes: ["email","openid","https://www.googleapis.com/auth/cloudplatformprojects.readonly","https://www.googleapis.com/auth/firebase","https://www.googleapis.com/auth/cloud-platform"]
[debug] [2024-02-23T21:23:58.255Z] > authorizing via signed-in user (unclefestersnephew@gmail.com)
[debug] [2024-02-23T21:23:58.255Z] [iam] checking project btdwarves for permissions ["firebase.projects.get"]
[debug] [2024-02-23T21:23:58.255Z] >>> [apiv2][query] POST https://cloudresourcemanager.googleapis.com/v1/projects/btdwarves:testIamPermissions [none]
[debug] [2024-02-23T21:23:58.255Z] >>> [apiv2][(partial)header] POST https://cloudresourcemanager.googleapis.com/v1/projects/btdwarves:testIamPermissions x-goog-quota-user=projects/btdwarves
[debug] [2024-02-23T21:23:58.255Z] >>> [apiv2][body] POST https://cloudresourcemanager.googleapis.com/v1/projects/btdwarves:testIamPermissions {"permissions":["firebase.projects.get"]}
[debug] [2024-02-23T21:23:58.554Z] <<< [apiv2][status] POST https://cloudresourcemanager.googleapis.com/v1/projects/btdwarves:testIamPermissions 200
[debug] [2024-02-23T21:23:58.555Z] <<< [apiv2][body] POST https://cloudresourcemanager.googleapis.com/v1/projects/btdwarves:testIamPermissions {"permissions":["firebase.projects.get"]}
[info] 
[info] Firestore Security Rules allow you to define how and when to allow
[info] requests. You can keep these rules in your project directory
[info] and publish them with firebase deploy.
[info] 
[debug] [2024-02-23T21:24:03.443Z] >>> [apiv2][query] GET https://firebaserules.googleapis.com/v1/projects/btdwarves/releases pageSize=10&pageToken=
[debug] [2024-02-23T21:24:03.765Z] <<< [apiv2][status] GET https://firebaserules.googleapis.com/v1/projects/btdwarves/releases 200
[debug] [2024-02-23T21:24:03.765Z] <<< [apiv2][body] GET https://firebaserules.googleapis.com/v1/projects/btdwarves/releases {"releases":[{"name":"projects/btdwarves/releases/cloud.firestore","rulesetName":"projects/btdwarves/rulesets/8ebe96f4-4eec-4226-90b8-2bc801ac1652","createTime":"2024-02-23T21:17:27.639949Z","updateTime":"2024-02-23T21:17:27.639949Z"}]}
[debug] [2024-02-23T21:24:03.765Z] Found ruleset: projects/btdwarves/rulesets/8ebe96f4-4eec-4226-90b8-2bc801ac1652
[debug] [2024-02-23T21:24:03.766Z] >>> [apiv2][query] GET https://firebaserules.googleapis.com/v1/projects/btdwarves/rulesets/8ebe96f4-4eec-4226-90b8-2bc801ac1652 [none]
[debug] [2024-02-23T21:24:03.970Z] <<< [apiv2][status] GET https://firebaserules.googleapis.com/v1/projects/btdwarves/rulesets/8ebe96f4-4eec-4226-90b8-2bc801ac1652 200
[debug] [2024-02-23T21:24:03.970Z] <<< [apiv2][body] GET https://firebaserules.googleapis.com/v1/projects/btdwarves/rulesets/8ebe96f4-4eec-4226-90b8-2bc801ac1652 [omitted]
[info] 
[info] Firestore indexes allow you to perform complex queries while
[info] maintaining performance that scales with the size of the result
[info] set. You can keep index definitions in your project directory
[info] and publish them with firebase deploy.
[info] 
[debug] [2024-02-23T21:24:06.319Z] >>> [apiv2][query] GET https://firestore.googleapis.com/v1/projects/btdwarves/databases/(default)/collectionGroups/-/indexes [none]
[debug] [2024-02-23T21:24:06.320Z] >>> [apiv2][query] GET https://firestore.googleapis.com/v1/projects/btdwarves/databases/(default)/collectionGroups/-/fields?filter=indexConfig.usesAncestorConfig=false OR ttlConfig:* [none]
[debug] [2024-02-23T21:24:06.791Z] <<< [apiv2][status] GET https://firestore.googleapis.com/v1/projects/btdwarves/databases/(default)/collectionGroups/-/indexes 200
[debug] [2024-02-23T21:24:06.791Z] <<< [apiv2][body] GET https://firestore.googleapis.com/v1/projects/btdwarves/databases/(default)/collectionGroups/-/indexes {}
[debug] [2024-02-23T21:24:07.108Z] <<< [apiv2][status] GET https://firestore.googleapis.com/v1/projects/btdwarves/databases/(default)/collectionGroups/-/fields?filter=indexConfig.usesAncestorConfig=false OR ttlConfig:* 200
[debug] [2024-02-23T21:24:07.108Z] <<< [apiv2][body] GET https://firestore.googleapis.com/v1/projects/btdwarves/databases/(default)/collectionGroups/-/fields?filter=indexConfig.usesAncestorConfig=false OR ttlConfig:* {"fields":[{"name":"projects/btdwarves/databases/(default)/collectionGroups/__default__/fields/*","indexConfig":{"indexes":[{"queryScope":"COLLECTION","fields":[{"fieldPath":"*","order":"ASCENDING"}],"state":"READY"},{"queryScope":"COLLECTION","fields":[{"fieldPath":"*","order":"DESCENDING"}],"state":"READY"},{"queryScope":"COLLECTION","fields":[{"fieldPath":"*","arrayConfig":"CONTAINS"}],"state":"READY"}]}}]}
[info] 
=== Functions Setup
[debug] [2024-02-23T21:24:07.109Z] > command requires scopes: ["email","openid","https://www.googleapis.com/auth/cloudplatformprojects.readonly","https://www.googleapis.com/auth/firebase","https://www.googleapis.com/auth/cloud-platform"]
[debug] [2024-02-23T21:24:07.109Z] > authorizing via signed-in user (unclefestersnephew@gmail.com)
[debug] [2024-02-23T21:24:07.109Z] [iam] checking project btdwarves for permissions ["firebase.projects.get"]
[debug] [2024-02-23T21:24:07.109Z] >>> [apiv2][query] POST https://cloudresourcemanager.googleapis.com/v1/projects/btdwarves:testIamPermissions [none]
[debug] [2024-02-23T21:24:07.109Z] >>> [apiv2][(partial)header] POST https://cloudresourcemanager.googleapis.com/v1/projects/btdwarves:testIamPermissions x-goog-quota-user=projects/btdwarves
[debug] [2024-02-23T21:24:07.109Z] >>> [apiv2][body] POST https://cloudresourcemanager.googleapis.com/v1/projects/btdwarves:testIamPermissions {"permissions":["firebase.projects.get"]}
[debug] [2024-02-23T21:24:07.378Z] <<< [apiv2][status] POST https://cloudresourcemanager.googleapis.com/v1/projects/btdwarves:testIamPermissions 200
[debug] [2024-02-23T21:24:07.378Z] <<< [apiv2][body] POST https://cloudresourcemanager.googleapis.com/v1/projects/btdwarves:testIamPermissions {"permissions":["firebase.projects.get"]}
[debug] [2024-02-23T21:24:07.378Z] >>> [apiv2][query] GET https://serviceusage.googleapis.com/v1/projects/btdwarves/services/cloudfunctions.googleapis.com [none]
[debug] [2024-02-23T21:24:07.378Z] >>> [apiv2][(partial)header] GET https://serviceusage.googleapis.com/v1/projects/btdwarves/services/cloudfunctions.googleapis.com x-goog-quota-user=projects/btdwarves
[debug] [2024-02-23T21:24:07.379Z] >>> [apiv2][query] GET https://serviceusage.googleapis.com/v1/projects/btdwarves/services/runtimeconfig.googleapis.com [none]
[debug] [2024-02-23T21:24:07.379Z] >>> [apiv2][(partial)header] GET https://serviceusage.googleapis.com/v1/projects/btdwarves/services/runtimeconfig.googleapis.com x-goog-quota-user=projects/btdwarves
[debug] [2024-02-23T21:24:07.852Z] <<< [apiv2][status] GET https://serviceusage.googleapis.com/v1/projects/btdwarves/services/runtimeconfig.googleapis.com 200
[debug] [2024-02-23T21:24:07.852Z] <<< [apiv2][body] GET https://serviceusage.googleapis.com/v1/projects/btdwarves/services/runtimeconfig.googleapis.com [omitted]
[debug] [2024-02-23T21:24:07.930Z] <<< [apiv2][status] GET https://serviceusage.googleapis.com/v1/projects/btdwarves/services/cloudfunctions.googleapis.com 200
[debug] [2024-02-23T21:24:07.930Z] <<< [apiv2][body] GET https://serviceusage.googleapis.com/v1/projects/btdwarves/services/cloudfunctions.googleapis.com [omitted]
[debug] [2024-02-23T21:24:07.931Z] >>> [apiv2][query] POST https://serviceusage.googleapis.com/v1/projects/btdwarves/services/cloudfunctions.googleapis.com:enable [none]
[debug] [2024-02-23T21:24:07.931Z] >>> [apiv2][(partial)header] POST https://serviceusage.googleapis.com/v1/projects/btdwarves/services/cloudfunctions.googleapis.com:enable x-goog-quota-user=projects/btdwarves
[debug] [2024-02-23T21:24:08.902Z] <<< [apiv2][status] POST https://serviceusage.googleapis.com/v1/projects/btdwarves/services/cloudfunctions.googleapis.com:enable 200
[debug] [2024-02-23T21:24:08.903Z] <<< [apiv2][body] POST https://serviceusage.googleapis.com/v1/projects/btdwarves/services/cloudfunctions.googleapis.com:enable [omitted]
[debug] [2024-02-23T21:24:18.908Z] >>> [apiv2][query] GET https://serviceusage.googleapis.com/v1/projects/btdwarves/services/cloudfunctions.googleapis.com [none]
[debug] [2024-02-23T21:24:18.908Z] >>> [apiv2][(partial)header] GET https://serviceusage.googleapis.com/v1/projects/btdwarves/services/cloudfunctions.googleapis.com x-goog-quota-user=projects/btdwarves
[debug] [2024-02-23T21:24:19.403Z] <<< [apiv2][status] GET https://serviceusage.googleapis.com/v1/projects/btdwarves/services/cloudfunctions.googleapis.com 200
[debug] [2024-02-23T21:24:19.403Z] <<< [apiv2][body] GET https://serviceusage.googleapis.com/v1/projects/btdwarves/services/cloudfunctions.googleapis.com [omitted]
[info] Let's create a new codebase for your functions.
[info] A directory corresponding to the codebase will be created in your project
[info] with sample code pre-configured.

[info] See https://firebase.google.com/docs/functions/organize-functions for
[info] more information on organizing your functions using codebases.

[info] Functions can be deployed with firebase deploy.

[info] ✔  Wrote functions/requirements.txt 
[info] ✔  Wrote functions/.gitignore 
[info] ✔  Wrote functions/main.py 
[debug] [2024-02-23T21:24:34.296Z] Running command with virtualenv: command=., args=["\"/home/uncle_festers_nephew/FirebaseBittensor/functions/venv/bin/activate\"","&&","pip3","install","--upgrade","pip"]
[debug] [2024-02-23T21:24:34.297Z] Running command with virtualenv: command=., args=["\"/home/uncle_festers_nephew/FirebaseBittensor/functions/venv/bin/activate\"","&&","python3.12","-m","pip","install","-r","requirements.txt"]
[info] 
=== Hosting Setup
[debug] [2024-02-23T21:24:34.299Z] >>> [apiv2][query] GET https://firebase.googleapis.com/v1beta1/projects/btdwarves [none]
[debug] [2024-02-23T21:24:34.623Z] <<< [apiv2][status] GET https://firebase.googleapis.com/v1beta1/projects/btdwarves 200
[debug] [2024-02-23T21:24:34.623Z] <<< [apiv2][body] GET https://firebase.googleapis.com/v1beta1/projects/btdwarves {"projectId":"btdwarves","projectNumber":"220182643959","displayName":"btdwarves","name":"projects/btdwarves","resources":{"hostingSite":"btdwarves"},"state":"ACTIVE","etag":"1_fcb65497-e1b7-4a94-8e76-d951fb3b199c"}
[info] 
[info] Your public directory is the folder (relative to your project directory) that
[info] will contain Hosting assets to be uploaded with firebase deploy. If you
[info] have a build process for your assets, use your build's output directory.
[info] 
[info] ✔  Wrote public/404.html 
[debug] [2024-02-23T21:28:00.170Z] >>> [apiv2][query] GET https://www.gstatic.com/firebasejs/releases.json [none]
[debug] [2024-02-23T21:28:00.322Z] <<< [apiv2][status] GET https://www.gstatic.com/firebasejs/releases.json 200
[debug] [2024-02-23T21:28:00.322Z] <<< [apiv2][body] GET https://www.gstatic.com/firebasejs/releases.json {"current":{"version":"10.8.0","browserURL":"https://www.gstatic.com/firebasejs/10.8.0/firebase.js","packageURL":"https://www.gstatic.com/firebasejs/10.8.0/firebase.tgz"},"live":{"version":"10.8","browserURL":"https://www.gstatic.com/firebasejs/live/10.8/firebase.js","packageURL":"https://www.gstatic.com/firebasejs/live/10.8/firebase.tgz"},"components":{"analytics":"https://www.gstatic.com/firebasejs/10.8.0/firebase-analytics.js","app":"https://www.gstatic.com/firebasejs/10.8.0/firebase-app.js","app-check":"https://www.gstatic.com/firebasejs/10.8.0/firebase-app-check.js","auth":"https://www.gstatic.com/firebasejs/10.8.0/firebase-auth.js","auth/cordova":"https://www.gstatic.com/firebasejs/10.8.0/firebase-auth/cordova.js","auth/web-extension":"https://www.gstatic.com/firebasejs/10.8.0/firebase-auth/web-extension.js","functions":"https://www.gstatic.com/firebasejs/10.8.0/firebase-functions.js","firestore":"https://www.gstatic.com/firebasejs/10.8.0/firebase-firestore.js","firestore/lite":"https://www.gstatic.com/firebasejs/10.8.0/firebase-firestore/lite.js","installations":"https://www.gstatic.com/firebasejs/10.8.0/firebase-installations.js","storage":"https://www.gstatic.com/firebasejs/10.8.0/firebase-storage.js","performance":"https://www.gstatic.com/firebasejs/10.8.0/firebase-performance.js","remote-config":"https://www.gstatic.com/firebasejs/10.8.0/firebase-remote-config.js","messaging":"https://www.gstatic.com/firebasejs/10.8.0/firebase-messaging.js","messaging/sw":"https://www.gstatic.com/firebasejs/10.8.0/firebase-messaging/sw.js","database":"https://www.gstatic.com/firebasejs/10.8.0/firebase-database.js","firestore.memory":"https://www.gstatic.com/firebasejs/10.8.0/firebase-firestore.memory.js"}}
[info] ✔  Wrote public/index.html 
[info] 
[info] i  Didn't detect a .git folder. Assuming /home/uncle_festers_nephew/FirebaseBittensor is the project root. 
[info] i  Authorizing with GitHub to upload your service account to a GitHub repository's secrets store. 
[info] 
[info] Visit this URL on this device to log in:
[info] https://github.com/login/oauth/authorize?client_id=89cf50f02ac6aaed3484&state=208812505&redirect_uri=http%3A%2F%2Flocalhost%3A9005&scope=read%3Auser%20repo%20public_repo
[info] 
[info] Waiting for authentication...
[debug] [2024-02-23T21:29:41.231Z] >>> [apiv2][query] POST https://github.com/login/oauth/access_token [none]
[debug] [2024-02-23T21:29:41.232Z] >>> [apiv2][body] POST https://github.com/login/oauth/access_token [stream]
[debug] [2024-02-23T21:29:41.462Z] <<< [apiv2][status] POST https://github.com/login/oauth/access_token 200
[debug] [2024-02-23T21:29:41.462Z] <<< [apiv2][body] POST https://github.com/login/oauth/access_token {"access_token":"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","token_type":"bearer","scope":"read:user,repo"}
[debug] [2024-02-23T21:29:41.466Z] >>> [apiv2][query] GET https://api.github.com/user [none]
[debug] [2024-02-23T21:29:41.671Z] <<< [apiv2][status] GET https://api.github.com/user 200
[debug] [2024-02-23T21:29:41.671Z] <<< [apiv2][body] GET https://api.github.com/user {"login":"FestersNephew","id":111473072,"node_id":"U_kgDOBqTxsA","avatar_url":"https://avatars.githubusercontent.com/u/111473072?v=4","gravatar_id":"","url":"https://api.github.com/users/FestersNephew","html_url":"https://github.com/FestersNephew","followers_url":"https://api.github.com/users/FestersNephew/followers","following_url":"https://api.github.com/users/FestersNephew/following{/other_user}","gists_url":"https://api.github.com/users/FestersNephew/gists{/gist_id}","starred_url":"https://api.github.com/users/FestersNephew/starred{/owner}{/repo}","subscriptions_url":"https://api.github.com/users/FestersNephew/subscriptions","organizations_url":"https://api.github.com/users/FestersNephew/orgs","repos_url":"https://api.github.com/users/FestersNephew/repos","events_url":"https://api.github.com/users/FestersNephew/events{/privacy}","received_events_url":"https://api.github.com/users/FestersNephew/received_events","type":"User","site_admin":false,"name":"Festers Nephew","company":null,"blog":"","location":null,"email":null,"hireable":null,"bio":"I am a Web 3 developer working to put together a team of builders who are also interested in the potential of AR and VR environments for learning.","twitter_username":"FSnephew","public_repos":26,"public_gists":0,"followers":5,"following":43,"created_at":"2022-08-18T01:21:14Z","updated_at":"2024-02-21T03:10:14Z","private_gists":1,"total_private_repos":25,"owned_private_repos":25,"disk_usage":566129,"collaborators":0,"two_factor_authentication":true,"plan":{"name":"free","space":976562499,"collaborators":0,"private_repos":10000}}
[info] 
[info] ✔  Success! Logged into GitHub as FestersNephew 
[info] 
[debug] [2024-02-23T21:29:41.675Z] >>> [apiv2][query] GET https://api.github.com/repos/ /actions/secrets/public-key type=owner
[debug] [2024-02-23T21:29:41.763Z] <<< [apiv2][status] GET https://api.github.com/repos/ /actions/secrets/public-key 404
[debug] [2024-02-23T21:29:41.763Z] <<< [apiv2][body] GET https://api.github.com/repos/ /actions/secrets/public-key {"message":"Not Found","documentation_url":"https://docs.github.com/rest"}
[info] 
[info] 
[error] ⚠  The provided authorization cannot be used with this repository. If this repository is in an organization, did you remember to grant access? 
[info] 
[info] i  Action required: Visit this URL to ensure access has been granted to the appropriate organization(s) for the Firebase CLI GitHub OAuth App: 
[info] https://github.com/settings/connections/applications/89cf50f02ac6aaed3484
[info] 
